0 verbose cli D:\node.exe D:\node_modules\npm\bin\npm-cli.js
1 info using npm@10.2.0
2 info using node@v21.0.0
3 timing npm:load:whichnode Completed in 1ms
4 timing config:load:defaults Completed in 2ms
5 timing config:load:file:D:\node_modules\npm\npmrc Completed in 4ms
6 timing config:load:builtin Completed in 4ms
7 timing config:load:cli Completed in 2ms
8 timing config:load:env Completed in 1ms
9 timing config:load:file:C:\Users\PCSALA\AppData\Local\Microsoft\TypeScript\5.5\.npmrc Completed in 0ms
10 timing config:load:project Completed in 1ms
11 timing config:load:file:C:\Users\PCSALA\.npmrc Completed in 0ms
12 timing config:load:user Completed in 0ms
13 timing config:load:file:C:\Users\PCSALA\AppData\Roaming\npm\etc\npmrc Completed in 0ms
14 timing config:load:global Completed in 0ms
15 timing config:load:setEnvs Completed in 1ms
16 timing config:load Completed in 11ms
17 timing npm:load:configload Completed in 11ms
18 timing config:load:flatten Completed in 2ms
19 timing npm:load:mkdirpcache Completed in 1ms
20 timing npm:load:mkdirplogs Completed in 0ms
21 verbose title npm install @types/express@ts5.5 @types/nodemon@ts5.5
22 verbose argv "install" "--ignore-scripts" "@types/express@ts5.5" "@types/nodemon@ts5.5" "--save-dev" "--user-agent" "typesInstaller/5.5.4"
23 timing npm:load:setTitle Completed in 1ms
24 timing npm:load:display Completed in 1ms
25 verbose logfile logs-max:10 dir:D:\BackupGustavo\Gusta\Js\WebSocket\AluraDocs\alura-docs-main\_logs\2024-08-03T19_14_49_691Z-
26 verbose logfile D:\BackupGustavo\Gusta\Js\WebSocket\AluraDocs\alura-docs-main\_logs\2024-08-03T19_14_49_691Z-debug-0.log
27 timing npm:load:logFile Completed in 8ms
28 timing npm:load:timers Completed in 0ms
29 timing npm:load:configScope Completed in 0ms
30 timing npm:load Completed in 46ms
31 timing arborist:ctor Completed in 0ms
32 silly logfile start cleaning logs, removing 2 files
33 timing idealTree:init Completed in 21ms
34 silly logfile done cleaning log files
35 timing arborist:ctor Completed in 0ms
36 http fetch GET 200 https://registry.npmjs.org/@types%2fexpress 218ms (cache revalidated)
37 http fetch GET 200 https://registry.npmjs.org/@types%2fnodemon 219ms (cache revalidated)
38 timing idealTree:userRequests Completed in 222ms
39 silly idealTree buildDeps
40 silly fetch manifest @types/express@4.17.21
41 silly fetch manifest @types/nodemon@1.19.6
42 silly placeDep ROOT @types/express@4.17.21 REPLACE for:  want: 4.17.21
43 silly placeDep ROOT @types/nodemon@1.19.6 REPLACE for:  want: 1.19.6
44 timing idealTree:#root Completed in 8ms
45 timing idealTree:node_modules/@types/express Completed in 0ms
46 timing idealTree:node_modules/@types/nodemon Completed in 0ms
47 timing idealTree:buildDeps Completed in 8ms
48 timing idealTree:fixDepFlags Completed in 1ms
49 timing idealTree Completed in 252ms
50 timing reify:loadTrees Completed in 253ms
51 timing reify:diffTrees Completed in 2ms
52 silly reify moves {}
53 timing reify:retireShallow Completed in 1ms
54 timing reify:createSparse Completed in 0ms
55 timing reify:loadBundles Completed in 0ms
56 silly audit bulk request {
56 silly audit   '@popperjs/core': [ '2.11.8' ],
56 silly audit   '@types/alpinejs': [ '3.13.10' ],
56 silly audit   '@types/body-parser': [ '1.19.5' ],
56 silly audit   '@types/bootstrap': [ '5.2.10' ],
56 silly audit   '@types/color-convert': [ '2.0.3' ],
56 silly audit   '@types/color-name': [ '1.1.4' ],
56 silly audit   '@types/combined-stream': [ '1.0.6' ],
56 silly audit   '@types/connect': [ '3.4.38' ],
56 silly audit   '@types/express-serve-static-core': [ '4.19.5' ],
56 silly audit   '@types/follow-redirects': [ '1.14.4' ],
56 silly audit   '@types/http-errors': [ '2.0.4' ],
56 silly audit   '@types/lodash': [ '4.17.7' ],
56 silly audit   '@types/mime': [ '1.3.5' ],
56 silly audit   '@types/mime-db': [ '1.43.5' ],
56 silly audit   '@types/mime-types': [ '2.1.4' ],
56 silly audit   '@types/node': [ '20.14.9' ],
56 silly audit   '@types/picomatch': [ '3.0.0' ],
56 silly audit   '@types/proxy-from-env': [ '1.0.4' ],
56 silly audit   '@types/qs': [ '6.9.15' ],
56 silly audit   '@types/range-parser': [ '1.2.7' ],
56 silly audit   '@types/regenerator-runtime': [ '0.13.6' ],
56 silly audit   '@types/require-directory': [ '2.1.6' ],
56 silly audit   '@types/send': [ '0.17.4' ],
56 silly audit   '@types/serve-static': [ '1.15.7' ],
56 silly audit   '@types/shell-quote': [ '1.7.5' ],
56 silly audit   '@types/supports-color': [ '8.1.3' ],
56 silly audit   '@types/yargs': [ '17.0.32' ],
56 silly audit   '@types/yargs-parser': [ '21.0.3' ],
56 silly audit   'types-registry': [ '0.1.685' ],
56 silly audit   'undici-types': [ '5.26.5' ],
56 silly audit   '@types/express': [ '4.17.21' ],
56 silly audit   '@types/nodemon': [ '1.19.6' ]
56 silly audit }
57 timing reify:unpack Completed in 0ms
58 timing reify:unretire Completed in 0ms
59 timing build:queue Completed in 0ms
60 timing build:deps Completed in 0ms
61 timing build Completed in 0ms
62 timing reify:build Completed in 1ms
63 timing reify:trash Completed in 0ms
64 timing reify:save Completed in 13ms
65 http fetch POST 200 https://registry.npmjs.org/-/npm/v1/security/advisories/bulk 234ms
66 timing auditReport:getReport Completed in 237ms
67 silly audit report {}
68 timing auditReport:init Completed in 0ms
69 timing reify:audit Completed in 237ms
70 timing reify Completed in 499ms
71 timing command:install Completed in 503ms
72 verbose exit 0
73 timing npm Completed in 884ms
74 info ok
