0 verbose cli D:\node.exe D:\node_modules\npm\bin\npm-cli.js
1 info using npm@10.2.0
2 info using node@v21.0.0
3 timing npm:load:whichnode Completed in 1ms
4 timing config:load:defaults Completed in 2ms
5 timing config:load:file:D:\node_modules\npm\npmrc Completed in 10ms
6 timing config:load:builtin Completed in 10ms
7 timing config:load:cli Completed in 2ms
8 timing config:load:env Completed in 0ms
9 timing config:load:file:D:\.npmrc Completed in 0ms
10 timing config:load:project Completed in 2ms
11 timing config:load:file:C:\Users\PCSALA\.npmrc Completed in 0ms
12 timing config:load:user Completed in 0ms
13 timing config:load:file:C:\Users\PCSALA\AppData\Roaming\npm\etc\npmrc Completed in 1ms
14 timing config:load:global Completed in 1ms
15 timing config:load:setEnvs Completed in 0ms
16 timing config:load Completed in 18ms
17 timing npm:load:configload Completed in 18ms
18 timing config:load:flatten Completed in 2ms
19 timing npm:load:mkdirpcache Completed in 0ms
20 timing npm:load:mkdirplogs Completed in 1ms
21 verbose title npm init
22 verbose argv "init"
23 timing npm:load:setTitle Completed in 0ms
24 timing npm:load:display Completed in 1ms
25 verbose logfile logs-max:10 dir:D:\BackupGustavo\Gusta\Js\WebSocket\AluraDocs\alura-docs-main\_logs\2024-07-22T03_08_10_981Z-
26 verbose logfile D:\BackupGustavo\Gusta\Js\WebSocket\AluraDocs\alura-docs-main\_logs\2024-07-22T03_08_10_981Z-debug-0.log
27 timing npm:load:logFile Completed in 10ms
28 timing npm:load:timers Completed in 0ms
29 timing npm:load:configScope Completed in 0ms
30 timing npm:load Completed in 66ms
31 silly logfile done cleaning log files
32 http fetch GET 200 https://registry.npmjs.org/npm 274ms (cache miss)
33 silly package data {
33 silly package data   name: 'alura-docs-main',
33 silly package data   version: '1.0.0',
33 silly package data   description: '',
33 silly package data   main: 'index.js',
33 silly package data   scripts: { test: 'echo "Error: no test specified" && exit 1' },
33 silly package data   author: '',
33 silly package data   license: 'ISC'
33 silly package data }
34 timing command:init Completed in 6041ms
35 notice
35 notice New [33mminor[39m version of npm available! [31m10.2.0[39m -> [32m10.8.2[39m
35 notice Changelog: [36mhttps://github.com/npm/cli/releases/tag/v10.8.2[39m
35 notice Run [32mnpm install -g npm@10.8.2[39m to update!
35 notice
36 verbose exit 0
37 timing npm Completed in 6463ms
38 info ok
