0 verbose cli D:\node.exe D:\node_modules\npm\bin\npm-cli.js
1 info using npm@10.2.0
2 info using node@v21.0.0
3 timing npm:load:whichnode Completed in 1ms
4 timing config:load:defaults Completed in 3ms
5 timing config:load:file:D:\node_modules\npm\npmrc Completed in 3ms
6 timing config:load:builtin Completed in 3ms
7 timing config:load:cli Completed in 2ms
8 timing config:load:env Completed in 1ms
9 timing config:load:file:C:\Users\PCSALA\AppData\Local\Microsoft\TypeScript\5.5\.npmrc Completed in 0ms
10 timing config:load:project Completed in 1ms
11 timing config:load:file:C:\Users\PCSALA\.npmrc Completed in 0ms
12 timing config:load:user Completed in 0ms
13 timing config:load:file:C:\Users\PCSALA\AppData\Roaming\npm\etc\npmrc Completed in 0ms
14 timing config:load:global Completed in 0ms
15 timing config:load:setEnvs Completed in 0ms
16 timing config:load Completed in 11ms
17 timing npm:load:configload Completed in 11ms
18 timing config:load:flatten Completed in 2ms
19 timing npm:load:mkdirpcache Completed in 0ms
20 timing npm:load:mkdirplogs Completed in 0ms
21 verbose title npm install types-registry@latest
22 verbose argv "install" "--ignore-scripts" "types-registry@latest"
23 timing npm:load:setTitle Completed in 0ms
24 timing npm:load:display Completed in 1ms
25 verbose logfile logs-max:10 dir:D:\BackupGustavo\Gusta\Js\WebSocket\AluraDocs\alura-docs-main\_logs\2024-07-22T03_39_38_144Z-
26 verbose logfile D:\BackupGustavo\Gusta\Js\WebSocket\AluraDocs\alura-docs-main\_logs\2024-07-22T03_39_38_144Z-debug-0.log
27 timing npm:load:logFile Completed in 8ms
28 timing npm:load:timers Completed in 0ms
29 timing npm:load:configScope Completed in 0ms
30 timing npm:load Completed in 44ms
31 timing arborist:ctor Completed in 1ms
32 silly logfile done cleaning log files
33 timing idealTree:init Completed in 18ms
34 timing arborist:ctor Completed in 0ms
35 http fetch GET 200 https://registry.npmjs.org/types-registry 873ms (cache miss)
36 timing idealTree:userRequests Completed in 879ms
37 silly idealTree buildDeps
38 silly fetch manifest types-registry@0.1.685
39 silly placeDep ROOT types-registry@0.1.685 REPLACE for:  want: 0.1.685
40 timing idealTree:#root Completed in 5ms
41 timing idealTree:node_modules/types-registry Completed in 0ms
42 timing idealTree:buildDeps Completed in 5ms
43 timing idealTree:fixDepFlags Completed in 0ms
44 timing idealTree Completed in 903ms
45 timing reify:loadTrees Completed in 904ms
46 timing reify:diffTrees Completed in 2ms
47 silly reify moves {}
48 timing reify:retireShallow Completed in 1ms
49 timing reify:createSparse Completed in 0ms
50 timing reify:loadBundles Completed in 0ms
51 silly audit bulk request {
51 silly audit   '@popperjs/core': [ '2.11.8' ],
51 silly audit   '@types/alpinejs': [ '3.13.10' ],
51 silly audit   '@types/body-parser': [ '1.19.5' ],
51 silly audit   '@types/bootstrap': [ '5.2.10' ],
51 silly audit   '@types/connect': [ '3.4.38' ],
51 silly audit   '@types/express': [ '4.17.21' ],
51 silly audit   '@types/express-serve-static-core': [ '4.19.5' ],
51 silly audit   '@types/http-errors': [ '2.0.4' ],
51 silly audit   '@types/mime': [ '1.3.5' ],
51 silly audit   '@types/node': [ '20.14.9' ],
51 silly audit   '@types/nodemon': [ '1.19.6' ],
51 silly audit   '@types/qs': [ '6.9.15' ],
51 silly audit   '@types/range-parser': [ '1.2.7' ],
51 silly audit   '@types/send': [ '0.17.4' ],
51 silly audit   '@types/serve-static': [ '1.15.7' ],
51 silly audit   'undici-types': [ '5.26.5' ],
51 silly audit   'types-registry': [ '0.1.685' ]
51 silly audit }
52 timing reify:unpack Completed in 1ms
53 timing reify:unretire Completed in 0ms
54 timing build:queue Completed in 0ms
55 timing build:deps Completed in 0ms
56 timing build Completed in 0ms
57 timing reify:build Completed in 0ms
58 timing reify:trash Completed in 0ms
59 timing reify:save Completed in 10ms
60 http fetch POST 200 https://registry.npmjs.org/-/npm/v1/security/advisories/bulk 228ms
61 timing auditReport:getReport Completed in 229ms
62 silly audit report {}
63 timing auditReport:init Completed in 0ms
64 timing reify:audit Completed in 231ms
65 timing reify Completed in 1144ms
66 timing command:install Completed in 1148ms
67 verbose exit 0
68 timing npm Completed in 1522ms
69 info ok
